$ npm test

> nextjs-portofolio@0.1.0 test
> vitest


 DEV  v4.0.14 C:/Hio-Files/Web-Portofolio-Project/nextjs-portofolio

stderr | src/components/__tests__/RotatingText.test.tsx > RotatingText > renders with default text
An update to RotatingText inside a test was not wrapped in act(...).

When testing, code that causes React state updates should be wrapped into act(...):

act(() => {
  /* fire events that update state */
});
/* assert on the output */

This ensures that you're testing the behavior the user would see in the browser. Learn more at https://react.dev/link/wrap-tests-with-act

stderr | src/components/__tests__/RotatingText.test.tsx > RotatingText > renders all provided texts initially
An update to RotatingText inside a test was not wrapped in act(...).

When testing, code that causes React state updates should be wrapped into act(...):

act(() => {
  /* fire events that update state */
});
/* assert on the output */

This ensures that you're testing the behavior the user would see in the browser. Learn more at https://react.dev/link/wrap-tests-with-act

stderr | src/components/__tests__/RotatingText.test.tsx > RotatingText > accepts custom className
An update to RotatingText inside a test was not wrapped in act(...).

When testing, code that causes React state updates should be wrapped into act(...):

act(() => {
  /* fire events that update state */
});
/* assert on the output */

This ensures that you're testing the behavior the user would see in the browser. Learn more at https://react.dev/link/wrap-tests-with-act

stderr | src/components/__tests__/RotatingText.test.tsx > RotatingText > handles auto rotation when enabled 
An update to RotatingText inside a test was not wrapped in act(...).

When testing, code that causes React state updates should be wrapped into act(...):

act(() => {
  /* fire events that update state */
});
/* assert on the output */

This ensures that you're testing the behavior the user would see in the browser. Learn more at https://react.dev/link/wrap-tests-with-act

stderr | src/components/__tests__/RotatingText.test.tsx > RotatingText > applies mainClassName when provided
An update to RotatingText inside a test was not wrapped in act(...).

When testing, code that causes React state updates should be wrapped into act(...):

act(() => {
  /* fire events that update state */
});
/* assert on the output */

This ensures that you're testing the behavior the user would see in the browser. Learn more at https://react.dev/link/wrap-tests-with-act

stderr | src/components/__tests__/RotatingText.test.tsx > RotatingText > handles loop prop
An update to RotatingText inside a test was not wrapped in act(...).

When testing, code that causes React state updates should be wrapped into act(...):

act(() => {
  /* fire events that update state */
});
/* assert on the output */

This ensures that you're testing the behavior the user would see in the browser. Learn more at https://react.dev/link/wrap-tests-with-act

stderr | src/components/__tests__/RotatingText.test.tsx > RotatingText > renders without auto rotation by default
An update to RotatingText inside a test was not wrapped in act(...).

When testing, code that causes React state updates should be wrapped into act(...):

act(() => {
  /* fire events that update state */
});
/* assert on the output */

This ensures that you're testing the behavior the user would see in the browser. Learn more at https://react.dev/link/wrap-tests-with-act

stderr | src/components/__tests__/RotatingText.test.tsx > RotatingText > handles custom transition and animation props
An update to RotatingText inside a test was not wrapped in act(...).

When testing, code that causes React state updates should be wrapped into act(...):

act(() => {
  /* fire events that update state */
});
/* assert on the output */

This ensures that you're testing the behavior the user would see in the browser. Learn more at https://react.dev/link/wrap-tests-with-act

stderr | src/components/__tests__/RotatingText.test.tsx > RotatingText > handles animatePresence props      
An update to RotatingText inside a test was not wrapped in act(...).

When testing, code that causes React state updates should be wrapped into act(...):

act(() => {
  /* fire events that update state */
});
/* assert on the output */

This ensures that you're testing the behavior the user would see in the browser. Learn more at https://react.dev/link/wrap-tests-with-act

 ✓ src/components/__tests__/CircularProfileImage.test.tsx (8 tests) 227ms                                   
 ❯ src/components/__tests__/RotatingText.test.tsx (23 tests | 2 failed) 241ms                               
     ✓ renders with default text 57ms                                                                       
     ✓ renders all provided texts initially 5ms                                                             
     ✓ accepts custom className 4ms                                                                         
     ✓ handles empty texts array gracefully 3ms                                                             
     ✓ renders with single text 4ms                                                                         
     ✓ handles auto rotation when enabled 6ms                                                               
     ✓ applies mainClassName when provided 3ms                                                              
     ✓ handles splitBy prop correctly 3ms                                                                   
     ✓ handles loop prop 5ms                                                                                
     ✓ renders without auto rotation by default 10ms                                                        
     ✓ provides ref methods for navigation control 7ms
     ✓ calls onNext callback when text changes 12ms
     ✓ handles next() method correctly 10ms
     ✓ handles previous() method correctly 9ms
     ✓ handles jumpTo() method correctly 9ms
     ✓ handles reset() method correctly 12ms
     ✓ handles loop=false correctly at boundaries 15ms
     × handles different splitBy values 18ms
     × handles staggerFrom variations 21ms
     ✓ handles custom transition and animation props 5ms
     ✓ handles animatePresence props 6ms
     ✓ validates jumpTo index bounds 9ms
     ✓ supports Intl.Segmenter when available 4ms
 ✓ src/components/__tests__/ThemeToggle.test.tsx (5 tests) 252ms
 ✓ src/components/__tests__/Navbar.test.tsx (17 tests) 296ms
 ✓ src/components/__tests__/HeroContent.test.tsx (18 tests) 374ms
 ✓ src/components/__tests__/LoadingScreen.test.tsx (2 tests) 119ms
 ✓ src/lib/__tests__/utils.test.ts (10 tests) 16ms
 ✓ src/components/__tests__/Simple.test.tsx (1 test) 3ms
 ✓ src/hooks/__tests__/use-outside-click.test.tsx (6 tests) 34ms
 ✓ src/components/__tests__/integration/HeroSection.integration.test.tsx (2 tests) 34ms
 ✓ src/components/__tests__/integration/ThemeSystem.integration.test.tsx (3 tests) 52ms

⎯⎯⎯⎯⎯⎯⎯⎯⎯⎯⎯⎯⎯⎯⎯⎯⎯⎯⎯⎯⎯⎯⎯⎯⎯⎯⎯⎯⎯⎯⎯⎯⎯⎯⎯⎯⎯⎯⎯⎯⎯⎯⎯⎯⎯⎯ Failed Tests 2 ⎯⎯⎯⎯⎯⎯⎯⎯⎯⎯⎯⎯⎯⎯⎯⎯⎯⎯⎯⎯⎯⎯⎯⎯⎯⎯⎯⎯⎯⎯⎯⎯⎯⎯⎯⎯⎯⎯⎯⎯⎯⎯⎯⎯⎯⎯

 FAIL  src/components/__tests__/RotatingText.test.tsx > RotatingText > handles different splitBy values     
AssertionError: expected null to be truthy

- Expected:
true

+ Received:
null

 ❯ src/components/__tests__/RotatingText.test.tsx:275:36
    273|       const { container } = render(<RotatingText texts={['Alpha-Beta']} splitBy="-" />)
    274|       // Component should render successfully with custom separator (basic smoke test)
    275|       expect(container.firstChild).toBeTruthy()
       |                                    ^
    276|     })
    277|   })
 ❯ node_modules/@testing-library/react/dist/act-compat.js:48:24
 ❯ process.env.NODE_ENV.exports.act node_modules/react/cjs/react.development.js:789:22
 ❯ Proxy.<anonymous> node_modules/@testing-library/react/dist/act-compat.js:47:25
 ❯ src/components/__tests__/RotatingText.test.tsx:272:5

⎯⎯⎯⎯⎯⎯⎯⎯⎯⎯⎯⎯⎯⎯⎯⎯⎯⎯⎯⎯⎯⎯⎯⎯⎯⎯⎯⎯⎯⎯⎯⎯⎯⎯⎯⎯⎯⎯⎯⎯⎯⎯⎯⎯⎯⎯⎯⎯⎯⎯⎯⎯⎯⎯⎯⎯⎯⎯⎯⎯⎯⎯⎯⎯⎯⎯⎯⎯⎯⎯⎯⎯⎯⎯⎯⎯⎯⎯⎯⎯⎯⎯⎯⎯⎯⎯⎯⎯⎯⎯⎯⎯⎯⎯⎯⎯⎯⎯⎯⎯⎯⎯[1/2]⎯

 FAIL  src/components/__tests__/RotatingText.test.tsx > RotatingText > handles staggerFrom variations       
AssertionError: expected null to be truthy

- Expected:
true

+ Received:
null

 ❯ src/components/__tests__/RotatingText.test.tsx:311:38
    309|         )
    310|         // Component should render successfully with different staggerFrom values (smoke test)     
    311|         expect(container.firstChild).toBeTruthy()
       |                                      ^
    312|       })
    313|     })
 ❯ node_modules/@testing-library/react/dist/act-compat.js:48:24
 ❯ process.env.NODE_ENV.exports.act node_modules/react/cjs/react.development.js:789:22
 ❯ Proxy.<anonymous> node_modules/@testing-library/react/dist/act-compat.js:47:25
 ❯ src/components/__tests__/RotatingText.test.tsx:301:7
 ❯ src/components/__tests__/RotatingText.test.tsx:300:23

⎯⎯⎯⎯⎯⎯⎯⎯⎯⎯⎯⎯⎯⎯⎯⎯⎯⎯⎯⎯⎯⎯⎯⎯⎯⎯⎯⎯⎯⎯⎯⎯⎯⎯⎯⎯⎯⎯⎯⎯⎯⎯⎯⎯⎯⎯⎯⎯⎯⎯⎯⎯⎯⎯⎯⎯⎯⎯⎯⎯⎯⎯⎯⎯⎯⎯⎯⎯⎯⎯⎯⎯⎯⎯⎯⎯⎯⎯⎯⎯⎯⎯⎯⎯⎯⎯⎯⎯⎯⎯⎯⎯⎯⎯⎯⎯⎯⎯⎯⎯⎯⎯[2/2]⎯


 Test Files  1 failed | 10 passed (11)
      Tests  2 failed | 93 passed (95)
   Start at  16:57:51
   Duration  3.95s (transform 878ms, setup 1.88s, import 3.79s, tests 1.65s, environment 11.85s)